Running: C:\Xilinx\14.5\ISE_DS\ISE\bin\nt64\unwrapped\fuse.exe -intstyle ise -incremental -lib unisims_ver -lib unimacro_ver -lib xilinxcorelib_ver -o F:/semester 2/DLD/sessional/TB_mux_add_sub_multi_comp_isim_beh.exe -prj F:/semester 2/DLD/sessional/TB_mux_add_sub_multi_comp_beh.prj work.TB_mux_add_sub_multi_comp work.glbl 
ISim P.58f (signature 0x7708f090)
Number of CPUs detected in this system: 4
Turning on mult-threading, number of parallel sub-compilation jobs: 8 
Determining compilation order of HDL files
Analyzing Verilog file "F:/semester 2/DLD/sessional/bit_subtractor.v" into library work
Analyzing Verilog file "F:/semester 2/DLD/sessional/bit_adder.v" into library work
Analyzing Verilog file "F:/semester 2/DLD/sessional/bi_4_multiplier.v" into library work
WARNING:HDLCompiler:1818 - "F:/semester 2/DLD/sessional/bi_4_multiplier.v" Line 30: Invalid size of integer constant literal
Analyzing Verilog file "F:/semester 2/DLD/sessional/bit_4_subtractor.v" into library work
Analyzing Verilog file "F:/semester 2/DLD/sessional/bit_4_comparator.v" into library work
Analyzing Verilog file "F:/semester 2/DLD/sessional/bit_4_adder.v" into library work
Analyzing Verilog file "F:/semester 2/DLD/sessional/mux_add_sub_multi_comp.v" into library work
Analyzing Verilog file "F:/semester 2/DLD/sessional/TB_mux_add_sub_multi_comp.v" into library work
Analyzing Verilog file "C:/Xilinx/14.5/ISE_DS/ISE//verilog/src/glbl.v" into library work
Starting static elaboration
Completed static elaboration
Compiling module bit_adder
Compiling module bit_4_adder
Compiling module bit_subtractor
Compiling module bit_4_subtractor
Compiling module bit_4_multiplier
Compiling module bit_4_comparator
Compiling module mux_add_sub_multi_comp
Compiling module TB_mux_add_sub_multi_comp
Compiling module glbl
Time Resolution for simulation is 1ps.
Waiting for 2 sub-compilation(s) to finish...
Compiled 9 Verilog Units
Built simulation executable F:/semester 2/DLD/sessional/TB_mux_add_sub_multi_comp_isim_beh.exe
Fuse Memory Usage: 28484 KB
Fuse CPU Usage: 765 ms
